{
  "0 debug pnpm:scope": {
    "selected": 1,
    "workspacePrefix": "/Users/liuhao/Documents/fcc/xuelang/fcc-2.20/fcc-libs"
  },
  "1 debug pnpm:package-manifest": {
    "initial": {
      "name": "root",
      "private": true,
      "devDependencies": {
        "lerna": "^4.0.0"
      }
    },
    "prefix": "/Users/liuhao/Documents/fcc/xuelang/fcc-2.20/fcc-libs"
  },
  "2 debug pnpm:context": {
    "currentLockfileExists": false,
    "storeDir": "/Users/liuhao/.pnpm-store/v3",
    "virtualStoreDir": "/Users/liuhao/Documents/fcc/xuelang/fcc-2.20/fcc-libs/node_modules/.pnpm"
  },
  "3 debug pnpm:stage": {
    "prefix": "/Users/liuhao/Documents/fcc/xuelang/fcc-2.20/fcc-libs",
    "stage": "resolution_started"
  },
  "4 debug pnpm:_dependency_resolved": {
    "resolution": "167.179.102.232+4873/lerna/4.0.0",
    "wanted": {
      "dependentId": ".",
      "name": "lerna",
      "rawSpec": "^4.0.0"
    }
  },
  "5 debug pnpm:progress": {
    "packageId": "167.179.102.232+4873/lerna/4.0.0",
    "requester": "/Users/liuhao/Documents/fcc/xuelang/fcc-2.20/fcc-libs",
    "status": "resolved"
  },
  "6 debug pnpm:fetching-progress": {
    "attempt": 1,
    "packageId": "167.179.102.232+4873/lerna/4.0.0",
    "size": 4751,
    "status": "started"
  },
  "7 debug pnpm:progress": {
    "packageId": "167.179.102.232+4873/lerna/4.0.0",
    "requester": "/Users/liuhao/Documents/fcc/xuelang/fcc-2.20/fcc-libs",
    "status": "fetched"
  },
  "8 error pnpm": {
    "code": "ERR_PNPM_FETCH_404",
    "hint": "microboudle is not in the npm registry, or you have no permission to fetch it.\n\nAn authorization header was used: Bearer Rwuv[hidden]",
    "request": {
      "authHeaderValue": "Bearer RwuvhyMr/NnbgryEGL+hzFL+WQ+NN0u+j5QVFPyjoVA=",
      "url": "http://167.179.102.232:4873/microboudle"
    },
    "response": {
      "size": 0
    },
    "pkgName": "microboudle",
    "pkgsStack": [],
    "err": {
      "name": "pnpm",
      "message": "GET http://167.179.102.232:4873/microboudle: Not Found - 404",
      "code": "ERR_PNPM_FETCH_404",
      "stack": "pnpm: GET http://167.179.102.232:4873/microboudle: Not Found - 404\n    at RetryOperation._fn (/usr/local/lib/node_modules/pnpm/dist/pnpm.cjs:85663:19)\n    at processTicksAndRejections (node:internal/process/task_queues:96:5)"
    }
  }
}