{
  "0 debug pnpm:scope": {
    "selected": 1,
    "workspacePrefix": "/Users/liuhao/Documents/fcc/xuelang/fcc-2.20/fcc-libs"
  },
  "1 error pnpm": {
    "code": "ELIFECYCLE",
    "errno": "ENOENT",
    "syscall": "spawn",
    "file": "sh",
    "pkgid": "@fcc/hooks@1.2.0",
    "stage": "build",
    "script": "microboundle",
    "pkgname": "@fcc/hooks",
    "err": {
      "name": "pnpm",
      "message": "@fcc/hooks@1.2.0 build: `microboundle`\nspawn ENOENT",
      "code": "ELIFECYCLE",
      "stack": "pnpm: @fcc/hooks@1.2.0 build: `microboundle`\nspawn ENOENT\n    at ChildProcess.<anonymous> (/usr/local/lib/node_modules/pnpm/dist/pnpm.cjs:92204:22)\n    at ChildProcess.emit (node:events:390:28)\n    at maybeClose (node:internal/child_process:1064:16)\n    at Process.ChildProcess._handle.onexit (node:internal/child_process:301:5)"
    }
  },
  "2 warn pnpm:global": " Local package.json exists, but node_modules missing, did you mean to install?"
}